0 info it worked if it ends with ok
1 verbose cli [ '/usr/bin/node',
1 verbose cli   '/usr/bin/npm',
1 verbose cli   'install',
1 verbose cli   '-g',
1 verbose cli   'jsdoc@>=3.3.0' ]
2 info using npm@1.4.28
3 info using node@v0.10.33
4 verbose node symlink /usr/bin/node
5 verbose cache add [ 'jsdoc@>=3.3.0', null ]
6 verbose cache add name=undefined spec="jsdoc@>=3.3.0" args=["jsdoc@>=3.3.0",null]
7 verbose parsed url { protocol: null,
7 verbose parsed url   slashes: null,
7 verbose parsed url   auth: null,
7 verbose parsed url   host: null,
7 verbose parsed url   port: null,
7 verbose parsed url   hostname: null,
7 verbose parsed url   hash: null,
7 verbose parsed url   search: null,
7 verbose parsed url   query: null,
7 verbose parsed url   pathname: 'jsdoc@%3E=3.3.0',
7 verbose parsed url   path: 'jsdoc@%3E=3.3.0',
7 verbose parsed url   href: 'jsdoc@%3E=3.3.0' }
8 verbose cache add name="jsdoc" spec=">=3.3.0" args=["jsdoc",">=3.3.0"]
9 verbose parsed url { protocol: null,
9 verbose parsed url   slashes: null,
9 verbose parsed url   auth: null,
9 verbose parsed url   host: null,
9 verbose parsed url   port: null,
9 verbose parsed url   hostname: null,
9 verbose parsed url   hash: null,
9 verbose parsed url   search: null,
9 verbose parsed url   query: null,
9 verbose parsed url   pathname: '%3E=3.3.0',
9 verbose parsed url   path: '%3E=3.3.0',
9 verbose parsed url   href: '%3E=3.3.0' }
10 verbose addNamed [ 'jsdoc', '>=3.3.0' ]
11 verbose addNamed [ null, '>=3.3.0' ]
12 silly lockFile d0283c7d-jsdoc-3-3-0 jsdoc@>=3.3.0
13 verbose lock jsdoc@>=3.3.0 /home/diego/.npm/d0283c7d-jsdoc-3-3-0.lock
14 silly addNameRange { name: 'jsdoc', range: '>=3.3.0', hasData: false }
15 verbose request where is /jsdoc
16 verbose request registry https://registry.npmjs.org/
17 verbose request id bfc0703bd0d19f2a
18 verbose url raw /jsdoc
19 verbose url resolving [ 'https://registry.npmjs.org/', './jsdoc' ]
20 verbose url resolved https://registry.npmjs.org/jsdoc
21 verbose request where is https://registry.npmjs.org/jsdoc
22 info trying registry request attempt 1 at 03:58:51
23 http GET https://registry.npmjs.org/jsdoc
24 http 200 https://registry.npmjs.org/jsdoc
25 silly registry.get cb [ 200,
25 silly registry.get   { date: 'Wed, 12 Nov 2014 06:58:53 GMT',
25 silly registry.get     server: 'CouchDB/1.5.0 (Erlang OTP/R14B04)',
25 silly registry.get     etag: '"EZ3HJBX8JO96GI2YY6GIXU2UU"',
25 silly registry.get     'content-type': 'application/json',
25 silly registry.get     'cache-control': 'max-age=60',
25 silly registry.get     'content-length': '26096',
25 silly registry.get     'accept-ranges': 'bytes',
25 silly registry.get     via: '1.1 varnish',
25 silly registry.get     age: '50',
25 silly registry.get     'x-served-by': 'cache-lax1428-LAX',
25 silly registry.get     'x-cache': 'HIT',
25 silly registry.get     'x-cache-hits': '1',
25 silly registry.get     'x-timer': 'S1415775533.095002,VS0,VE0',
25 silly registry.get     vary: 'Accept',
25 silly registry.get     'keep-alive': 'timeout=10, max=50',
25 silly registry.get     connection: 'Keep-Alive' } ]
26 silly addNameRange number 2 { name: 'jsdoc', range: '>=3.3.0', hasData: true }
27 silly addNameRange versions [ 'jsdoc',
27 silly addNameRange   [ '0.0.0',
27 silly addNameRange     '3.2.0-dev',
27 silly addNameRange     '3.2.0',
27 silly addNameRange     '3.2.1',
27 silly addNameRange     '3.2.2',
27 silly addNameRange     '3.3.0-alpha1',
27 silly addNameRange     '3.3.0-alpha2',
27 silly addNameRange     '3.3.0-alpha3',
27 silly addNameRange     '3.3.0-alpha4',
27 silly addNameRange     '3.3.0-alpha5',
27 silly addNameRange     '3.3.0-alpha7',
27 silly addNameRange     '3.3.0-alpha8',
27 silly addNameRange     '3.3.0-alpha9',
27 silly addNameRange     '3.3.0-alpha10' ] ]
28 silly lockFile d0283c7d-jsdoc-3-3-0 jsdoc@>=3.3.0
29 silly lockFile d0283c7d-jsdoc-3-3-0 jsdoc@>=3.3.0
30 error notarget No compatible version found: jsdoc@'>=3.3.0'
30 error notarget Valid install targets:
30 error notarget ["0.0.0","3.2.0-dev","3.2.0","3.2.1","3.2.2","3.3.0-alpha1","3.3.0-alpha2","3.3.0-alpha3","3.3.0-alpha4","3.3.0-alpha5","3.3.0-alpha7","3.3.0-alpha8","3.3.0-alpha9","3.3.0-alpha10"]
30 error notarget
30 error notarget This is most likely not a problem with npm itself.
30 error notarget In most cases you or one of your dependencies are requesting
30 error notarget a package version that doesn't exist.
31 error System Linux 3.13.0-39-generic
32 error command "/usr/bin/node" "/usr/bin/npm" "install" "-g" "jsdoc@>=3.3.0"
33 error cwd /home/diego/Documents/dev/money4me
34 error node -v v0.10.33
35 error npm -v 1.4.28
36 error code ETARGET
37 verbose exit [ 1, true ]
